

============================== 2022-02-24 16:15:03.772819 | 24bdecd5-3b6d-48b2-9819-781636299ee4 ==============================
16:15:03.772819 [info ] [MainThread]: Running with dbt=1.0.3
16:15:03.773480 [debug] [MainThread]: running dbt with arguments Namespace(record_timing_info=None, debug=None, log_format=None, write_json=None, use_colors=None, printer_width=None, warn_error=None, version_check=None, partial_parse=None, single_threaded=False, use_experimental_parser=None, static_parser=None, profiles_dir='/home/mathieson/.dbt', send_anonymous_usage_stats=None, fail_fast=None, event_buffer_size=None, project_dir=None, profile=None, target=None, vars='{}', log_cache_events=False, project_name='dmv', skip_profile_setup=False, defer=None, state=None, cls=<class 'dbt.task.init.InitTask'>, which='init', rpc_method=None)
16:15:03.773855 [debug] [MainThread]: Tracking: tracking
16:15:03.775311 [debug] [MainThread]: Sending event: {'category': 'dbt', 'action': 'invocation', 'label': 'start', 'context': [<snowplow_tracker.self_describing_json.SelfDescribingJson object at 0x7f0de7ace650>, <snowplow_tracker.self_describing_json.SelfDescribingJson object at 0x7f0de7acec80>, <snowplow_tracker.self_describing_json.SelfDescribingJson object at 0x7f0de7acec50>]}
16:15:03.775994 [debug] [MainThread]: Starter project path: /home/mathieson/code/nuvalence/airbyte-poc-dbt/.venv/lib/python3.10/site-packages/dbt/include/starter_project
16:16:10.061970 [info ] [MainThread]: Profile dmv written to /home/mathieson/.dbt/profiles.yml using target's profile_template.yml and your supplied values. Run 'dbt debug' to validate the connection.
16:16:10.063051 [info ] [MainThread]: 
Your new dbt project "dmv" was created!

For more information on how to configure the profiles.yml file,
please consult the dbt documentation here:

  https://docs.getdbt.com/docs/configure-your-profile

One more thing:

Need help? Don't hesitate to reach out to us via GitHub issues or on Slack:

  https://community.getdbt.com/

Happy modeling!

16:16:10.064067 [debug] [MainThread]: Sending event: {'category': 'dbt', 'action': 'invocation', 'label': 'end', 'context': [<snowplow_tracker.self_describing_json.SelfDescribingJson object at 0x7f0de65b0a60>, <snowplow_tracker.self_describing_json.SelfDescribingJson object at 0x7f0de65b0160>, <snowplow_tracker.self_describing_json.SelfDescribingJson object at 0x7f0de65b1e10>]}


============================== 2022-02-24 16:25:32.526371 | 7f4b2f33-6e0a-445e-8d6d-4bbb7b4bf4ba ==============================
16:25:32.526371 [info ] [MainThread]: Running with dbt=1.0.3
16:25:32.526922 [debug] [MainThread]: running dbt with arguments Namespace(record_timing_info=None, debug=None, log_format=None, write_json=None, use_colors=None, printer_width=None, warn_error=None, version_check=None, partial_parse=None, single_threaded=False, use_experimental_parser=None, static_parser=None, profiles_dir='/home/mathieson/.dbt', send_anonymous_usage_stats=None, fail_fast=None, event_buffer_size=None, project_dir=None, profile=None, target=None, vars='{}', log_cache_events=False, project_name='jaffle_shop', skip_profile_setup=False, defer=None, state=None, cls=<class 'dbt.task.init.InitTask'>, which='init', rpc_method=None)
16:25:32.527251 [debug] [MainThread]: Tracking: tracking
16:25:32.528506 [debug] [MainThread]: Sending event: {'category': 'dbt', 'action': 'invocation', 'label': 'start', 'context': [<snowplow_tracker.self_describing_json.SelfDescribingJson object at 0x7f18ab237220>, <snowplow_tracker.self_describing_json.SelfDescribingJson object at 0x7f18ab2375e0>, <snowplow_tracker.self_describing_json.SelfDescribingJson object at 0x7f18ab237490>]}
16:25:32.529402 [debug] [MainThread]: Starter project path: /home/mathieson/code/nuvalence/airbyte-poc-dbt/.venv/lib/python3.10/site-packages/dbt/include/starter_project


============================== 2022-02-24 16:25:58.559113 | 23bc1679-8e7d-4ad4-9031-287ea73c288e ==============================
16:25:58.559113 [info ] [MainThread]: Running with dbt=1.0.3
16:25:58.559679 [debug] [MainThread]: running dbt with arguments Namespace(record_timing_info=None, debug=None, log_format=None, write_json=None, use_colors=None, printer_width=None, warn_error=None, version_check=None, partial_parse=None, single_threaded=False, use_experimental_parser=None, static_parser=None, profiles_dir='/home/mathieson/.dbt', send_anonymous_usage_stats=None, fail_fast=None, event_buffer_size=None, project_dir=None, profile=None, target=None, vars='{}', log_cache_events=False, project_name='jaffle_shop', skip_profile_setup=False, defer=None, state=None, cls=<class 'dbt.task.init.InitTask'>, which='init', rpc_method=None)
16:25:58.560070 [debug] [MainThread]: Tracking: tracking
16:25:58.561371 [debug] [MainThread]: Sending event: {'category': 'dbt', 'action': 'invocation', 'label': 'start', 'context': [<snowplow_tracker.self_describing_json.SelfDescribingJson object at 0x7fc1a95f3220>, <snowplow_tracker.self_describing_json.SelfDescribingJson object at 0x7fc1a95f35e0>, <snowplow_tracker.self_describing_json.SelfDescribingJson object at 0x7fc1a95f3490>]}
16:25:58.562767 [info ] [MainThread]: A project called jaffle_shop already exists here.
16:25:58.563670 [debug] [MainThread]: Sending event: {'category': 'dbt', 'action': 'invocation', 'label': 'end', 'context': [<snowplow_tracker.self_describing_json.SelfDescribingJson object at 0x7fc1a95f3d00>, <snowplow_tracker.self_describing_json.SelfDescribingJson object at 0x7fc1a9635870>, <snowplow_tracker.self_describing_json.SelfDescribingJson object at 0x7fc1a9635930>]}


============================== 2022-02-24 16:26:36.465257 | 4e7beceb-92fa-4a50-b12b-04447417a378 ==============================
16:26:36.465257 [info ] [MainThread]: Running with dbt=1.0.3
16:26:36.465808 [debug] [MainThread]: running dbt with arguments Namespace(record_timing_info=None, debug=None, log_format=None, write_json=None, use_colors=None, printer_width=None, warn_error=None, version_check=None, partial_parse=None, single_threaded=False, use_experimental_parser=None, static_parser=None, profiles_dir='/home/mathieson/.dbt', send_anonymous_usage_stats=None, fail_fast=None, event_buffer_size=None, project_dir=None, profile=None, target=None, vars='{}', log_cache_events=False, project_name='jaffle_shop', skip_profile_setup=False, defer=None, state=None, cls=<class 'dbt.task.init.InitTask'>, which='init', rpc_method=None)
16:26:36.466141 [debug] [MainThread]: Tracking: tracking
16:26:36.467428 [debug] [MainThread]: Sending event: {'category': 'dbt', 'action': 'invocation', 'label': 'start', 'context': [<snowplow_tracker.self_describing_json.SelfDescribingJson object at 0x7f8a7258b100>, <snowplow_tracker.self_describing_json.SelfDescribingJson object at 0x7f8a7258b430>, <snowplow_tracker.self_describing_json.SelfDescribingJson object at 0x7f8a7258b1f0>]}
16:26:36.468655 [debug] [MainThread]: Starter project path: /home/mathieson/code/nuvalence/airbyte-poc-dbt/.venv/lib/python3.10/site-packages/dbt/include/starter_project
16:27:01.323715 [info ] [MainThread]: Profile jaffle_shop written to /home/mathieson/.dbt/profiles.yml using target's profile_template.yml and your supplied values. Run 'dbt debug' to validate the connection.
16:27:01.324796 [info ] [MainThread]: 
Your new dbt project "jaffle_shop" was created!

For more information on how to configure the profiles.yml file,
please consult the dbt documentation here:

  https://docs.getdbt.com/docs/configure-your-profile

One more thing:

Need help? Don't hesitate to reach out to us via GitHub issues or on Slack:

  https://community.getdbt.com/

Happy modeling!

16:27:01.326114 [debug] [MainThread]: Sending event: {'category': 'dbt', 'action': 'invocation', 'label': 'end', 'context': [<snowplow_tracker.self_describing_json.SelfDescribingJson object at 0x7f8a71058580>, <snowplow_tracker.self_describing_json.SelfDescribingJson object at 0x7f8a7105a200>, <snowplow_tracker.self_describing_json.SelfDescribingJson object at 0x7f8a7105de10>]}
